---------------------------------
| rollout/           |          |
|    ep_len_mean     | 1e+03    |
|    ep_rew_mean     | -56.2    |
| time/              |          |
|    fps             | 6740     |
|    iterations      | 1        |
|    time_elapsed    | 1        |
|    total_timesteps | 8192     |
---------------------------------
Eval num_timesteps=10000, episode_reward=101.57 +/- 54.47
Episode length: 1000.00 +/- 0.00
-----------------------------------------
| eval/                   |             |
|    mean_ep_length       | 1e+03       |
|    mean_reward          | 102         |
| time/                   |             |
|    total_timesteps      | 10000       |
| train/                  |             |
|    approx_kl            | 0.004545629 |
|    clip_fraction        | 0.038       |
|    clip_range           | 0.2         |
|    entropy_loss         | 0.426       |
|    explained_variance   | -0.562      |
|    learning_rate        | 0.0001      |
|    loss                 | 0.0507      |
|    n_updates            | 1680        |
|    policy_gradient_loss | -0.00206    |
|    std                  | 0.16        |
|    value_loss           | 0.131       |
-----------------------------------------
New best mean reward!
---------------------------------
| rollout/           |          |
|    ep_len_mean     | 1e+03    |
|    ep_rew_mean     | -129     |
| time/              |          |
|    fps             | 2983     |
|    iterations      | 2        |
|    time_elapsed    | 5        |
|    total_timesteps | 16384    |
---------------------------------
Eval num_timesteps=20000, episode_reward=91.07 +/- 43.94
Episode length: 1000.00 +/- 0.00
-----------------------------------------
| eval/                   |             |
|    mean_ep_length       | 1e+03       |
|    mean_reward          | 91.1        |
| time/                   |             |
|    total_timesteps      | 20000       |
| train/                  |             |
|    approx_kl            | 0.006287807 |
|    clip_fraction        | 0.0588      |
|    clip_range           | 0.2         |
|    entropy_loss         | 0.393       |
|    explained_variance   | 0.376       |
|    learning_rate        | 0.0001      |
|    loss                 | 0.043       |
|    n_updates            | 1690        |
|    policy_gradient_loss | -0.00384    |
|    std                  | 0.166       |
|    value_loss           | 0.0633      |
-----------------------------------------
---------------------------------
| rollout/           |          |
|    ep_len_mean     | 1e+03    |
|    ep_rew_mean     | -277     |
| time/              |          |
|    fps             | 2529     |
|    iterations      | 3        |
|    time_elapsed    | 9        |
|    total_timesteps | 24576    |
---------------------------------
Eval num_timesteps=30000, episode_reward=19.62 +/- 54.26
Episode length: 1000.00 +/- 0.00
---------------------------------------
| eval/                   |           |
|    mean_ep_length       | 1e+03     |
|    mean_reward          | 19.6      |
| time/                   |           |
|    total_timesteps      | 30000     |
| train/                  |           |
|    approx_kl            | 0.0063809 |
|    clip_fraction        | 0.0574    |
|    clip_range           | 0.2       |
|    entropy_loss         | 0.358     |
|    explained_variance   | 0.566     |
|    learning_rate        | 0.0001    |
|    loss                 | 0.0147    |
|    n_updates            | 1700      |
|    policy_gradient_loss | -0.00355  |
|    std                  | 0.172     |
|    value_loss           | 0.0441    |
---------------------------------------
---------------------------------
| rollout/           |          |
|    ep_len_mean     | 1e+03    |
|    ep_rew_mean     | -404     |
| time/              |          |
|    fps             | 2347     |
|    iterations      | 4        |
|    time_elapsed    | 13       |
|    total_timesteps | 32768    |
---------------------------------
Eval num_timesteps=40000, episode_reward=-825.24 +/- 349.56
Episode length: 1000.00 +/- 0.00
------------------------------------------
| eval/                   |              |
|    mean_ep_length       | 1e+03        |
|    mean_reward          | -825         |
| time/                   |              |
|    total_timesteps      | 40000        |
| train/                  |              |
|    approx_kl            | 0.0062421765 |
|    clip_fraction        | 0.065        |
|    clip_range           | 0.2          |
|    entropy_loss         | 0.336        |
|    explained_variance   | 0.483        |
|    learning_rate        | 0.0001       |
|    loss                 | 0.0235       |
|    n_updates            | 1710         |
|    policy_gradient_loss | -0.00444     |
|    std                  | 0.174        |
|    value_loss           | 0.0244       |
------------------------------------------
---------------------------------
| rollout/           |          |
|    ep_len_mean     | 1e+03    |
|    ep_rew_mean     | -471     |
| time/              |          |
|    fps             | 2251     |
|    iterations      | 5        |
|    time_elapsed    | 18       |
|    total_timesteps | 40960    |
---------------------------------
-----------------------------------------
| rollout/                |             |
|    ep_len_mean          | 1e+03       |
|    ep_rew_mean          | -554        |
| time/                   |             |
|    fps                  | 2311        |
|    iterations           | 6           |
|    time_elapsed         | 21          |
|    total_timesteps      | 49152       |
| train/                  |             |
|    approx_kl            | 0.006424469 |
|    clip_fraction        | 0.0602      |
|    clip_range           | 0.2         |
|    entropy_loss         | 0.324       |
|    explained_variance   | -0.889      |
|    learning_rate        | 0.0001      |
|    loss                 | 0.00594     |
|    n_updates            | 1720        |
|    policy_gradient_loss | -0.00407    |
|    std                  | 0.176       |
|    value_loss           | 0.014       |
-----------------------------------------
Eval num_timesteps=50000, episode_reward=-987.53 +/- 10.54
Episode length: 1000.00 +/- 0.00
-----------------------------------------
| eval/                   |             |
|    mean_ep_length       | 1e+03       |
|    mean_reward          | -988        |
| time/                   |             |
|    total_timesteps      | 50000       |
| train/                  |             |
|    approx_kl            | 0.004650063 |
|    clip_fraction        | 0.0467      |
|    clip_range           | 0.2         |
|    entropy_loss         | 0.311       |
|    explained_variance   | -0.398      |
|    learning_rate        | 0.0001      |
|    loss                 | 0.0209      |
|    n_updates            | 1730        |
|    policy_gradient_loss | -0.00309    |
|    std                  | 0.178       |
|    value_loss           | 0.00315     |
-----------------------------------------
---------------------------------
| rollout/           |          |
|    ep_len_mean     | 1e+03    |
|    ep_rew_mean     | -617     |
| time/              |          |
|    fps             | 2247     |
|    iterations      | 7        |
|    time_elapsed    | 25       |
|    total_timesteps | 57344    |
---------------------------------
Eval num_timesteps=60000, episode_reward=-985.79 +/- 7.25
Episode length: 1000.00 +/- 0.00
-----------------------------------------
| eval/                   |             |
|    mean_ep_length       | 1e+03       |
|    mean_reward          | -986        |
| time/                   |             |
|    total_timesteps      | 60000       |
| train/                  |             |
|    approx_kl            | 0.004125042 |
|    clip_fraction        | 0.0323      |
|    clip_range           | 0.2         |
|    entropy_loss         | 0.285       |
|    explained_variance   | -0.793      |
|    learning_rate        | 0.0001      |
|    loss                 | 0.0135      |
|    n_updates            | 1740        |
|    policy_gradient_loss | -0.00149    |
|    std                  | 0.185       |
|    value_loss           | 0.00143     |
-----------------------------------------
---------------------------------
| rollout/           |          |
|    ep_len_mean     | 1e+03    |
|    ep_rew_mean     | -663     |
| time/              |          |
|    fps             | 2199     |
|    iterations      | 8        |
|    time_elapsed    | 29       |
|    total_timesteps | 65536    |
---------------------------------
Eval num_timesteps=70000, episode_reward=-1000.34 +/- 0.03
Episode length: 1000.00 +/- 0.00
-----------------------------------------
| eval/                   |             |
|    mean_ep_length       | 1e+03       |
|    mean_reward          | -1e+03      |
| time/                   |             |
|    total_timesteps      | 70000       |
| train/                  |             |
|    approx_kl            | 0.004858462 |
|    clip_fraction        | 0.0319      |
|    clip_range           | 0.2         |
|    entropy_loss         | 0.254       |
|    explained_variance   | -0.688      |
|    learning_rate        | 0.0001      |
|    loss                 | 0.0468      |
|    n_updates            | 1750        |
|    policy_gradient_loss | -0.000461   |
|    std                  | 0.19        |
|    value_loss           | 0.000907    |
-----------------------------------------
---------------------------------
| rollout/           |          |
|    ep_len_mean     | 1e+03    |
|    ep_rew_mean     | -699     |
| time/              |          |
|    fps             | 2167     |
|    iterations      | 9        |
|    time_elapsed    | 34       |
|    total_timesteps | 73728    |
---------------------------------
Eval num_timesteps=80000, episode_reward=-1000.17 +/- 0.08
Episode length: 1000.00 +/- 0.00
------------------------------------------
| eval/                   |              |
|    mean_ep_length       | 1e+03        |
|    mean_reward          | -1e+03       |
| time/                   |              |
|    total_timesteps      | 80000        |
| train/                  |              |
|    approx_kl            | 0.0030129452 |
|    clip_fraction        | 0.0345       |
|    clip_range           | 0.2          |
|    entropy_loss         | 0.221        |
|    explained_variance   | -0.387       |
|    learning_rate        | 0.0001       |
|    loss                 | 0.0122       |
|    n_updates            | 1760         |
|    policy_gradient_loss | -0.000772    |
|    std                  | 0.197        |
|    value_loss           | 0.000618     |
------------------------------------------
---------------------------------
| rollout/           |          |
|    ep_len_mean     | 1e+03    |
|    ep_rew_mean     | -728     |
| time/              |          |
|    fps             | 2139     |
|    iterations      | 10       |
|    time_elapsed    | 38       |
|    total_timesteps | 81920    |
---------------------------------
Eval num_timesteps=90000, episode_reward=-850.58 +/- 299.23
Episode length: 1000.00 +/- 0.00
-----------------------------------------
| eval/                   |             |
|    mean_ep_length       | 1e+03       |
|    mean_reward          | -851        |
| time/                   |             |
|    total_timesteps      | 90000       |
| train/                  |             |
|    approx_kl            | 0.004195986 |
|    clip_fraction        | 0.0367      |
|    clip_range           | 0.2         |
|    entropy_loss         | 0.19        |
|    explained_variance   | -0.193      |
|    learning_rate        | 0.0001      |
|    loss                 | 0.00115     |
|    n_updates            | 1770        |
|    policy_gradient_loss | -0.00136    |
|    std                  | 0.202       |
|    value_loss           | 0.000435    |
-----------------------------------------
---------------------------------
| rollout/           |          |
|    ep_len_mean     | 1e+03    |
|    ep_rew_mean     | -752     |
| time/              |          |
|    fps             | 2097     |
|    iterations      | 11       |
|    time_elapsed    | 42       |
|    total_timesteps | 90112    |
---------------------------------
------------------------------------------
| rollout/                |              |
|    ep_len_mean          | 1e+03        |
|    ep_rew_mean          | -771         |
| time/                   |              |
|    fps                  | 2122         |
|    iterations           | 12           |
|    time_elapsed         | 46           |
|    total_timesteps      | 98304        |
| train/                  |              |
|    approx_kl            | 0.0025128252 |
|    clip_fraction        | 0.0201       |
|    clip_range           | 0.2          |
|    entropy_loss         | 0.171        |
|    explained_variance   | -0.119       |
|    learning_rate        | 0.0001       |
|    loss                 | 0.00301      |
|    n_updates            | 1780         |
|    policy_gradient_loss | -0.000843    |
|    std                  | 0.205        |
|    value_loss           | 0.000333     |
------------------------------------------
Eval num_timesteps=100000, episode_reward=-29.52 +/- 54.99
Episode length: 1000.00 +/- 0.00
------------------------------------------
| eval/                   |              |
|    mean_ep_length       | 1e+03        |
|    mean_reward          | -29.5        |
| time/                   |              |
|    total_timesteps      | 100000       |
| train/                  |              |
|    approx_kl            | 0.0050574588 |
|    clip_fraction        | 0.0389       |
|    clip_range           | 0.2          |
|    entropy_loss         | 0.156        |
|    explained_variance   | -0.00212     |
|    learning_rate        | 0.0001       |
|    loss                 | -0.0161      |
|    n_updates            | 1790         |
|    policy_gradient_loss | -0.00271     |
|    std                  | 0.208        |
|    value_loss           | 0.000281     |
------------------------------------------
---------------------------------
| rollout/           |          |
|    ep_len_mean     | 1e+03    |
|    ep_rew_mean     | -817     |
| time/              |          |
|    fps             | 2095     |
|    iterations      | 13       |
|    time_elapsed    | 50       |
|    total_timesteps | 106496   |
---------------------------------
Eval num_timesteps=110000, episode_reward=-13.92 +/- 26.36
Episode length: 1000.00 +/- 0.00
-----------------------------------------
| eval/                   |             |
|    mean_ep_length       | 1e+03       |
|    mean_reward          | -13.9       |
| time/                   |             |
|    total_timesteps      | 110000      |
| train/                  |             |
|    approx_kl            | 0.004744975 |
|    clip_fraction        | 0.044       |
|    clip_range           | 0.2         |
|    entropy_loss         | 0.139       |
|    explained_variance   | 0.0857      |
|    learning_rate        | 0.0001      |
|    loss                 | -0.00321    |
|    n_updates            | 1800        |
|    policy_gradient_loss | -0.00236    |
|    std                  | 0.213       |
|    value_loss           | 0.0002      |
-----------------------------------------
---------------------------------
| rollout/           |          |
|    ep_len_mean     | 1e+03    |
|    ep_rew_mean     | -886     |
| time/              |          |
|    fps             | 2070     |
|    iterations      | 14       |
|    time_elapsed    | 55       |
|    total_timesteps | 114688   |
---------------------------------
Eval num_timesteps=120000, episode_reward=-36.63 +/- 16.97
Episode length: 1000.00 +/- 0.00
------------------------------------------
| eval/                   |              |
|    mean_ep_length       | 1e+03        |
|    mean_reward          | -36.6        |
| time/                   |              |
|    total_timesteps      | 120000       |
| train/                  |              |
|    approx_kl            | 0.0025813302 |
|    clip_fraction        | 0.019        |
|    clip_range           | 0.2          |
|    entropy_loss         | 0.133        |
|    explained_variance   | -0.324       |
|    learning_rate        | 0.0001       |
|    loss                 | -0.00375     |
|    n_updates            | 1810         |
|    policy_gradient_loss | -0.00177     |
|    std                  | 0.211        |
|    value_loss           | 0.00105      |
------------------------------------------
---------------------------------
| rollout/           |          |
|    ep_len_mean     | 1e+03    |
|    ep_rew_mean     | -926     |
| time/              |          |
|    fps             | 2049     |
|    iterations      | 15       |
|    time_elapsed    | 59       |
|    total_timesteps | 122880   |
---------------------------------
Eval num_timesteps=130000, episode_reward=-24.80 +/- 6.10
Episode length: 1000.00 +/- 0.00
------------------------------------------
| eval/                   |              |
|    mean_ep_length       | 1e+03        |
|    mean_reward          | -24.8        |
| time/                   |              |
|    total_timesteps      | 130000       |
| train/                  |              |
|    approx_kl            | 0.0035072062 |
|    clip_fraction        | 0.0311       |
|    clip_range           | 0.2          |
|    entropy_loss         | 0.138        |
|    explained_variance   | 0.745        |
|    learning_rate        | 0.0001       |
|    loss                 | 0.00239      |
|    n_updates            | 1820         |
|    policy_gradient_loss | -0.00179     |
|    std                  | 0.211        |
|    value_loss           | 0.00141      |
------------------------------------------
---------------------------------
| rollout/           |          |
|    ep_len_mean     | 1e+03    |
|    ep_rew_mean     | -933     |
| time/              |          |
|    fps             | 2031     |
|    iterations      | 16       |
|    time_elapsed    | 64       |
|    total_timesteps | 131072   |
---------------------------------
-----------------------------------------
| rollout/                |             |
|    ep_len_mean          | 1e+03       |
|    ep_rew_mean          | -967        |
| time/                   |             |
|    fps                  | 2052        |
|    iterations           | 17          |
|    time_elapsed         | 67          |
|    total_timesteps      | 139264      |
| train/                  |             |
|    approx_kl            | 0.006169663 |
|    clip_fraction        | 0.0615      |
|    clip_range           | 0.2         |
|    entropy_loss         | 0.124       |
|    explained_variance   | 0.0557      |
|    learning_rate        | 0.0001      |
|    loss                 | -0.00618    |
|    n_updates            | 1830        |
|    policy_gradient_loss | -0.00353    |
|    std                  | 0.216       |
|    value_loss           | 0.000163    |
-----------------------------------------
Eval num_timesteps=140000, episode_reward=2.56 +/- 39.46
Episode length: 1000.00 +/- 0.00
------------------------------------------
| eval/                   |              |
|    mean_ep_length       | 1e+03        |
|    mean_reward          | 2.56         |
| time/                   |              |
|    total_timesteps      | 140000       |
| train/                  |              |
|    approx_kl            | 0.0034410008 |
|    clip_fraction        | 0.0301       |
|    clip_range           | 0.2          |
|    entropy_loss         | 0.117        |
|    explained_variance   | 0.89         |
|    learning_rate        | 0.0001       |
|    loss                 | -0.0154      |
|    n_updates            | 1840         |
|    policy_gradient_loss | -0.00282     |
|    std                  | 0.214        |
|    value_loss           | 0.000616     |
------------------------------------------
---------------------------------
| rollout/           |          |
|    ep_len_mean     | 1e+03    |
|    ep_rew_mean     | -964     |
| time/              |          |
|    fps             | 2036     |
|    iterations      | 18       |
|    time_elapsed    | 72       |
|    total_timesteps | 147456   |
---------------------------------
Eval num_timesteps=150000, episode_reward=-32.16 +/- 16.61
Episode length: 1000.00 +/- 0.00
------------------------------------------
| eval/                   |              |
|    mean_ep_length       | 1e+03        |
|    mean_reward          | -32.2        |
| time/                   |              |
|    total_timesteps      | 150000       |
| train/                  |              |
|    approx_kl            | 0.0026815264 |
|    clip_fraction        | 0.029        |
|    clip_range           | 0.2          |
|    entropy_loss         | 0.122        |
|    explained_variance   | 0.924        |
|    learning_rate        | 0.0001       |
|    loss                 | -0.00278     |
|    n_updates            | 1850         |
|    policy_gradient_loss | -0.00261     |
|    std                  | 0.213        |
|    value_loss           | 0.00114      |
------------------------------------------
---------------------------------
| rollout/           |          |
|    ep_len_mean     | 1e+03    |
|    ep_rew_mean     | -957     |
| time/              |          |
|    fps             | 2022     |
|    iterations      | 19       |
|    time_elapsed    | 76       |
|    total_timesteps | 155648   |
---------------------------------
Eval num_timesteps=160000, episode_reward=-47.88 +/- 3.40
Episode length: 1000.00 +/- 0.00
-----------------------------------------
| eval/                   |             |
|    mean_ep_length       | 1e+03       |
|    mean_reward          | -47.9       |
| time/                   |             |
|    total_timesteps      | 160000      |
| train/                  |             |
|    approx_kl            | 0.004393127 |
|    clip_fraction        | 0.036       |
|    clip_range           | 0.2         |
|    entropy_loss         | 0.123       |
|    explained_variance   | 0.956       |
|    learning_rate        | 0.0001      |
|    loss                 | -0.019      |
|    n_updates            | 1860        |
|    policy_gradient_loss | -0.00324    |
|    std                  | 0.214       |
|    value_loss           | 0.000462    |
-----------------------------------------
---------------------------------
| rollout/           |          |
|    ep_len_mean     | 1e+03    |
|    ep_rew_mean     | -944     |
| time/              |          |
|    fps             | 2010     |
|    iterations      | 20       |
|    time_elapsed    | 81       |
|    total_timesteps | 163840   |
---------------------------------
Eval num_timesteps=170000, episode_reward=-36.84 +/- 20.26
Episode length: 1000.00 +/- 0.00
------------------------------------------
| eval/                   |              |
|    mean_ep_length       | 1e+03        |
|    mean_reward          | -36.8        |
| time/                   |              |
|    total_timesteps      | 170000       |
| train/                  |              |
|    approx_kl            | 0.0026500449 |
|    clip_fraction        | 0.0145       |
|    clip_range           | 0.2          |
|    entropy_loss         | 0.124        |
|    explained_variance   | 0.959        |
|    learning_rate        | 0.0001       |
|    loss                 | -0.004       |
|    n_updates            | 1870         |
|    policy_gradient_loss | -0.00109     |
|    std                  | 0.213        |
|    value_loss           | 0.002        |
------------------------------------------
---------------------------------
| rollout/           |          |
|    ep_len_mean     | 1e+03    |
|    ep_rew_mean     | -934     |
| time/              |          |
|    fps             | 1994     |
|    iterations      | 21       |
|    time_elapsed    | 86       |
|    total_timesteps | 172032   |
---------------------------------
Eval num_timesteps=180000, episode_reward=-42.66 +/- 29.99
Episode length: 1000.00 +/- 0.00
------------------------------------------
| eval/                   |              |
|    mean_ep_length       | 1e+03        |
|    mean_reward          | -42.7        |
| time/                   |              |
|    total_timesteps      | 180000       |
| train/                  |              |
|    approx_kl            | 0.0017764799 |
|    clip_fraction        | 0.00985      |
|    clip_range           | 0.2          |
|    entropy_loss         | 0.13         |
|    explained_variance   | 0.972        |
|    learning_rate        | 0.0001       |
|    loss                 | 0.000467     |
|    n_updates            | 1880         |
|    policy_gradient_loss | -0.00193     |
|    std                  | 0.212        |
|    value_loss           | 0.0017       |
------------------------------------------
---------------------------------
| rollout/           |          |
|    ep_len_mean     | 1e+03    |
|    ep_rew_mean     | -915     |
| time/              |          |
|    fps             | 1983     |
|    iterations      | 22       |
|    time_elapsed    | 90       |
|    total_timesteps | 180224   |
---------------------------------
-----------------------------------------
| rollout/                |             |
|    ep_len_mean          | 1e+03       |
|    ep_rew_mean          | -896        |
| time/                   |             |
|    fps                  | 1995        |
|    iterations           | 23          |
|    time_elapsed         | 94          |
|    total_timesteps      | 188416      |
| train/                  |             |
|    approx_kl            | 0.002560097 |
|    clip_fraction        | 0.0181      |
|    clip_range           | 0.2         |
|    entropy_loss         | 0.136       |
|    explained_variance   | 0.983       |
|    learning_rate        | 0.0001      |
|    loss                 | -0.0103     |
|    n_updates            | 1890        |
|    policy_gradient_loss | -0.00291    |
|    std                  | 0.21        |
|    value_loss           | 0.00288     |
-----------------------------------------
Eval num_timesteps=190000, episode_reward=-27.30 +/- 44.71
Episode length: 1000.00 +/- 0.00
-----------------------------------------
| eval/                   |             |
|    mean_ep_length       | 1e+03       |
|    mean_reward          | -27.3       |
| time/                   |             |
|    total_timesteps      | 190000      |
| train/                  |             |
|    approx_kl            | 0.004076625 |
|    clip_fraction        | 0.0276      |
|    clip_range           | 0.2         |
|    entropy_loss         | 0.139       |
|    explained_variance   | 0.987       |
|    learning_rate        | 0.0001      |
|    loss                 | 0.0286      |
|    n_updates            | 1900        |
|    policy_gradient_loss | -0.00169    |
|    std                  | 0.211       |
|    value_loss           | 0.00318     |
-----------------------------------------
---------------------------------
| rollout/           |          |
|    ep_len_mean     | 1e+03    |
|    ep_rew_mean     | -896     |
| time/              |          |
|    fps             | 1989     |
|    iterations      | 24       |
|    time_elapsed    | 98       |
|    total_timesteps | 196608   |
---------------------------------
Eval num_timesteps=200000, episode_reward=-63.27 +/- 6.23
Episode length: 1000.00 +/- 0.00
-----------------------------------------
| eval/                   |             |
|    mean_ep_length       | 1e+03       |
|    mean_reward          | -63.3       |
| time/                   |             |
|    total_timesteps      | 200000      |
| train/                  |             |
|    approx_kl            | 0.007431398 |
|    clip_fraction        | 0.0722      |
|    clip_range           | 0.2         |
|    entropy_loss         | 0.121       |
|    explained_variance   | 0.744       |
|    learning_rate        | 0.0001      |
|    loss                 | 0.0212      |
|    n_updates            | 1910        |
|    policy_gradient_loss | -0.00439    |
|    std                  | 0.217       |
|    value_loss           | 0.00037     |
-----------------------------------------
---------------------------------
| rollout/           |          |
|    ep_len_mean     | 1e+03    |
|    ep_rew_mean     | -896     |
| time/              |          |
|    fps             | 1986     |
|    iterations      | 25       |
|    time_elapsed    | 103      |
|    total_timesteps | 204800   |
---------------------------------
Eval num_timesteps=210000, episode_reward=-55.67 +/- 1.62
Episode length: 1000.00 +/- 0.00
-----------------------------------------
| eval/                   |             |
|    mean_ep_length       | 1e+03       |
|    mean_reward          | -55.7       |
| time/                   |             |
|    total_timesteps      | 210000      |
| train/                  |             |
|    approx_kl            | 0.004529764 |
|    clip_fraction        | 0.0409      |
|    clip_range           | 0.2         |
|    entropy_loss         | 0.0957      |
|    explained_variance   | 0.859       |
|    learning_rate        | 0.0001      |
|    loss                 | 0.00413     |
|    n_updates            | 1920        |
|    policy_gradient_loss | -0.00271    |
|    std                  | 0.222       |
|    value_loss           | 0.000445    |
-----------------------------------------
---------------------------------
| rollout/           |          |
|    ep_len_mean     | 1e+03    |
|    ep_rew_mean     | -897     |
| time/              |          |
|    fps             | 1984     |
|    iterations      | 26       |
|    time_elapsed    | 107      |
|    total_timesteps | 212992   |
---------------------------------
Eval num_timesteps=220000, episode_reward=-57.25 +/- 2.53
Episode length: 1000.00 +/- 0.00
------------------------------------------
| eval/                   |              |
|    mean_ep_length       | 1e+03        |
|    mean_reward          | -57.3        |
| time/                   |              |
|    total_timesteps      | 220000       |
| train/                  |              |
|    approx_kl            | 0.0054833377 |
|    clip_fraction        | 0.0533       |
|    clip_range           | 0.2          |
|    entropy_loss         | 0.0819       |
|    explained_variance   | 0.886        |
|    learning_rate        | 0.0001       |
|    loss                 | 0.00801      |
|    n_updates            | 1930         |
|    policy_gradient_loss | -0.00382     |
|    std                  | 0.224        |
|    value_loss           | 0.000445     |
------------------------------------------
---------------------------------
| rollout/           |          |
|    ep_len_mean     | 1e+03    |
|    ep_rew_mean     | -914     |
| time/              |          |
|    fps             | 1981     |
|    iterations      | 27       |
|    time_elapsed    | 111      |
|    total_timesteps | 221184   |
---------------------------------
------------------------------------------
| rollout/                |              |
|    ep_len_mean          | 1e+03        |
|    ep_rew_mean          | -905         |
| time/                   |              |
|    fps                  | 2000         |
|    iterations           | 28           |
|    time_elapsed         | 114          |
|    total_timesteps      | 229376       |
| train/                  |              |
|    approx_kl            | 0.0030247737 |
|    clip_fraction        | 0.0363       |
|    clip_range           | 0.2          |
|    entropy_loss         | 0.0842       |
|    explained_variance   | 0.98         |
|    learning_rate        | 0.0001       |
|    loss                 | -0.00847     |
|    n_updates            | 1940         |
|    policy_gradient_loss | -0.00284     |
|    std                  | 0.221        |
|    value_loss           | 0.000649     |
------------------------------------------
Eval num_timesteps=230000, episode_reward=-55.88 +/- 3.39
Episode length: 1000.00 +/- 0.00
------------------------------------------
| eval/                   |              |
|    mean_ep_length       | 1e+03        |
|    mean_reward          | -55.9        |
| time/                   |              |
|    total_timesteps      | 230000       |
| train/                  |              |
|    approx_kl            | 0.0037736176 |
|    clip_fraction        | 0.0353       |
|    clip_range           | 0.2          |
|    entropy_loss         | 0.0809       |
|    explained_variance   | 0.995        |
|    learning_rate        | 0.0001       |
|    loss                 | 0.00615      |
|    n_updates            | 1950         |
|    policy_gradient_loss | -0.00295     |
|    std                  | 0.225        |
|    value_loss           | 0.000816     |
------------------------------------------
---------------------------------
| rollout/           |          |
|    ep_len_mean     | 1e+03    |
|    ep_rew_mean     | -902     |
| time/              |          |
|    fps             | 1998     |
|    iterations      | 29       |
|    time_elapsed    | 118      |
|    total_timesteps | 237568   |
---------------------------------
Eval num_timesteps=240000, episode_reward=-54.03 +/- 2.06
Episode length: 1000.00 +/- 0.00
------------------------------------------
| eval/                   |              |
|    mean_ep_length       | 1e+03        |
|    mean_reward          | -54          |
| time/                   |              |
|    total_timesteps      | 240000       |
| train/                  |              |
|    approx_kl            | 0.0029434764 |
|    clip_fraction        | 0.0182       |
|    clip_range           | 0.2          |
|    entropy_loss         | 0.066        |
|    explained_variance   | 0.974        |
|    learning_rate        | 0.0001       |
|    loss                 | -0.0121      |
|    n_updates            | 1960         |
|    policy_gradient_loss | -0.000683    |
|    std                  | 0.228        |
|    value_loss           | 0.00112      |
------------------------------------------
---------------------------------
| rollout/           |          |
|    ep_len_mean     | 1e+03    |
|    ep_rew_mean     | -898     |
| time/              |          |
|    fps             | 1996     |
|    iterations      | 30       |
|    time_elapsed    | 123      |
|    total_timesteps | 245760   |
---------------------------------
Eval num_timesteps=250000, episode_reward=-55.08 +/- 2.64
Episode length: 1000.00 +/- 0.00
------------------------------------------
| eval/                   |              |
|    mean_ep_length       | 1e+03        |
|    mean_reward          | -55.1        |
| time/                   |              |
|    total_timesteps      | 250000       |
| train/                  |              |
|    approx_kl            | 0.0034231318 |
|    clip_fraction        | 0.0306       |
|    clip_range           | 0.2          |
|    entropy_loss         | 0.0671       |
|    explained_variance   | 0.993        |
|    learning_rate        | 0.0001       |
|    loss                 | -0.0081      |
|    n_updates            | 1970         |
|    policy_gradient_loss | -0.00535     |
|    std                  | 0.225        |
|    value_loss           | 0.00105      |
------------------------------------------
---------------------------------
| rollout/           |          |
|    ep_len_mean     | 1e+03    |
|    ep_rew_mean     | -900     |
| time/              |          |
|    fps             | 1994     |
|    iterations      | 31       |
|    time_elapsed    | 127      |
|    total_timesteps | 253952   |
---------------------------------
Eval num_timesteps=260000, episode_reward=-58.12 +/- 5.19
Episode length: 1000.00 +/- 0.00
-----------------------------------------
| eval/                   |             |
|    mean_ep_length       | 1e+03       |
|    mean_reward          | -58.1       |
| time/                   |             |
|    total_timesteps      | 260000      |
| train/                  |             |
|    approx_kl            | 0.002680453 |
|    clip_fraction        | 0.0225      |
|    clip_range           | 0.2         |
|    entropy_loss         | 0.0707      |
|    explained_variance   | 0.99        |
|    learning_rate        | 0.0001      |
|    loss                 | 0.00697     |
|    n_updates            | 1980        |
|    policy_gradient_loss | -0.00148    |
|    std                  | 0.226       |
|    value_loss           | 0.00133     |
-----------------------------------------
---------------------------------
| rollout/           |          |
|    ep_len_mean     | 1e+03    |
|    ep_rew_mean     | -913     |
| time/              |          |
|    fps             | 1992     |
|    iterations      | 32       |
|    time_elapsed    | 131      |
|    total_timesteps | 262144   |
---------------------------------
Eval num_timesteps=270000, episode_reward=-47.47 +/- 2.79
Episode length: 1000.00 +/- 0.00
------------------------------------------
| eval/                   |              |
|    mean_ep_length       | 1e+03        |
|    mean_reward          | -47.5        |
| time/                   |              |
|    total_timesteps      | 270000       |
| train/                  |              |
|    approx_kl            | 0.0019961763 |
|    clip_fraction        | 0.0143       |
|    clip_range           | 0.2          |
|    entropy_loss         | 0.0708       |
|    explained_variance   | 0.986        |
|    learning_rate        | 0.0001       |
|    loss                 | -0.00228     |
|    n_updates            | 1990         |
|    policy_gradient_loss | -0.00129     |
|    std                  | 0.225        |
|    value_loss           | 0.000872     |
------------------------------------------
---------------------------------
| rollout/           |          |
|    ep_len_mean     | 1e+03    |
|    ep_rew_mean     | -907     |
| time/              |          |
|    fps             | 1991     |
|    iterations      | 33       |
|    time_elapsed    | 135      |
|    total_timesteps | 270336   |
---------------------------------
-----------------------------------------
| rollout/                |             |
|    ep_len_mean          | 1e+03       |
|    ep_rew_mean          | -907        |
| time/                   |             |
|    fps                  | 2005        |
|    iterations           | 34          |
|    time_elapsed         | 138         |
|    total_timesteps      | 278528      |
| train/                  |             |
|    approx_kl            | 0.003318897 |
|    clip_fraction        | 0.0214      |
|    clip_range           | 0.2         |
|    entropy_loss         | 0.0789      |
|    explained_variance   | 0.992       |
|    learning_rate        | 0.0001      |
|    loss                 | -0.00363    |
|    n_updates            | 2000        |
|    policy_gradient_loss | -0.00178    |
|    std                  | 0.222       |
|    value_loss           | 0.00138     |
-----------------------------------------
Eval num_timesteps=280000, episode_reward=-52.72 +/- 3.63
Episode length: 1000.00 +/- 0.00
------------------------------------------
| eval/                   |              |
|    mean_ep_length       | 1e+03        |
|    mean_reward          | -52.7        |
| time/                   |              |
|    total_timesteps      | 280000       |
| train/                  |              |
|    approx_kl            | 0.0032127723 |
|    clip_fraction        | 0.0256       |
|    clip_range           | 0.2          |
|    entropy_loss         | 0.0854       |
|    explained_variance   | 0.997        |
|    learning_rate        | 0.0001       |
|    loss                 | -0.00425     |
|    n_updates            | 2010         |
|    policy_gradient_loss | -0.00156     |
|    std                  | 0.222        |
|    value_loss           | 0.000316     |
------------------------------------------
---------------------------------
| rollout/           |          |
|    ep_len_mean     | 1e+03    |
|    ep_rew_mean     | -928     |
| time/              |          |
|    fps             | 2001     |
|    iterations      | 35       |
|    time_elapsed    | 143      |
|    total_timesteps | 286720   |
---------------------------------
Eval num_timesteps=290000, episode_reward=-62.70 +/- 17.95
Episode length: 1000.00 +/- 0.00
------------------------------------------
| eval/                   |              |
|    mean_ep_length       | 1e+03        |
|    mean_reward          | -62.7        |
| time/                   |              |
|    total_timesteps      | 290000       |
| train/                  |              |
|    approx_kl            | 0.0023528468 |
|    clip_fraction        | 0.02         |
|    clip_range           | 0.2          |
|    entropy_loss         | 0.0963       |
|    explained_variance   | 0.993        |
|    learning_rate        | 0.0001       |
|    loss                 | 0.00483      |
|    n_updates            | 2020         |
|    policy_gradient_loss | -0.0024      |
|    std                  | 0.218        |
|    value_loss           | 0.000806     |
------------------------------------------
---------------------------------
| rollout/           |          |
|    ep_len_mean     | 1e+03    |
|    ep_rew_mean     | -936     |
| time/              |          |
|    fps             | 1999     |
|    iterations      | 36       |
|    time_elapsed    | 147      |
|    total_timesteps | 294912   |
---------------------------------
Eval num_timesteps=300000, episode_reward=-56.62 +/- 6.44
Episode length: 1000.00 +/- 0.00
------------------------------------------
| eval/                   |              |
|    mean_ep_length       | 1e+03        |
|    mean_reward          | -56.6        |
| time/                   |              |
|    total_timesteps      | 300000       |
| train/                  |              |
|    approx_kl            | 0.0027173064 |
|    clip_fraction        | 0.02         |
|    clip_range           | 0.2          |
|    entropy_loss         | 0.107        |
|    explained_variance   | 0.996        |
|    learning_rate        | 0.0001       |
|    loss                 | 0.00211      |
|    n_updates            | 2030         |
|    policy_gradient_loss | -0.00127     |
|    std                  | 0.217        |
|    value_loss           | 0.00144      |
------------------------------------------
---------------------------------
| rollout/           |          |
|    ep_len_mean     | 1e+03    |
|    ep_rew_mean     | -917     |
| time/              |          |
|    fps             | 1998     |
|    iterations      | 37       |
|    time_elapsed    | 151      |
|    total_timesteps | 303104   |
---------------------------------
Eval num_timesteps=310000, episode_reward=-53.78 +/- 2.96
Episode length: 1000.00 +/- 0.00
------------------------------------------
| eval/                   |              |
|    mean_ep_length       | 1e+03        |
|    mean_reward          | -53.8        |
| time/                   |              |
|    total_timesteps      | 310000       |
| train/                  |              |
|    approx_kl            | 0.0020932085 |
|    clip_fraction        | 0.0195       |
|    clip_range           | 0.2          |
|    entropy_loss         | 0.107        |
|    explained_variance   | 0.996        |
|    learning_rate        | 0.0001       |
|    loss                 | 0.00518      |
|    n_updates            | 2040         |
|    policy_gradient_loss | -0.00105     |
|    std                  | 0.218        |
|    value_loss           | 0.00129      |
------------------------------------------
---------------------------------
| rollout/           |          |
|    ep_len_mean     | 1e+03    |
|    ep_rew_mean     | -901     |
| time/              |          |
|    fps             | 1996     |
|    iterations      | 38       |
|    time_elapsed    | 155      |
|    total_timesteps | 311296   |
---------------------------------
-----------------------------------------
| rollout/                |             |
|    ep_len_mean          | 1e+03       |
|    ep_rew_mean          | -874        |
| time/                   |             |
|    fps                  | 2008        |
|    iterations           | 39          |
|    time_elapsed         | 159         |
|    total_timesteps      | 319488      |
| train/                  |             |
|    approx_kl            | 0.003286062 |
|    clip_fraction        | 0.0271      |
|    clip_range           | 0.2         |
|    entropy_loss         | 0.107       |
|    explained_variance   | 0.997       |
|    learning_rate        | 0.0001      |
|    loss                 | 0.0145      |
|    n_updates            | 2050        |
|    policy_gradient_loss | -0.00106    |
|    std                  | 0.217       |
|    value_loss           | 0.00141     |
-----------------------------------------
Eval num_timesteps=320000, episode_reward=-48.92 +/- 4.01
Episode length: 1000.00 +/- 0.00
------------------------------------------
| eval/                   |              |
|    mean_ep_length       | 1e+03        |
|    mean_reward          | -48.9        |
| time/                   |              |
|    total_timesteps      | 320000       |
| train/                  |              |
|    approx_kl            | 0.0033858633 |
|    clip_fraction        | 0.0264       |
|    clip_range           | 0.2          |
|    entropy_loss         | 0.097        |
|    explained_variance   | 0.989        |
|    learning_rate        | 0.0001       |
|    loss                 | 0.00089      |
|    n_updates            | 2060         |
|    policy_gradient_loss | -0.000208    |
|    std                  | 0.222        |
|    value_loss           | 0.00501      |
------------------------------------------
---------------------------------
| rollout/           |          |
|    ep_len_mean     | 1e+03    |
|    ep_rew_mean     | -869     |
| time/              |          |
|    fps             | 2004     |
|    iterations      | 40       |
|    time_elapsed    | 163      |
|    total_timesteps | 327680   |
---------------------------------
Eval num_timesteps=330000, episode_reward=-48.89 +/- 10.01
Episode length: 1000.00 +/- 0.00
------------------------------------------
| eval/                   |              |
|    mean_ep_length       | 1e+03        |
|    mean_reward          | -48.9        |
| time/                   |              |
|    total_timesteps      | 330000       |
| train/                  |              |
|    approx_kl            | 0.0039602406 |
|    clip_fraction        | 0.0405       |
|    clip_range           | 0.2          |
|    entropy_loss         | 0.0815       |
|    explained_variance   | 0.997        |
|    learning_rate        | 0.0001       |
|    loss                 | -0.00537     |
|    n_updates            | 2070         |
|    policy_gradient_loss | -0.00244     |
|    std                  | 0.224        |
|    value_loss           | 0.000235     |
------------------------------------------
---------------------------------
| rollout/           |          |
|    ep_len_mean     | 1e+03    |
|    ep_rew_mean     | -873     |
| time/              |          |
|    fps             | 1997     |
|    iterations      | 41       |
|    time_elapsed    | 168      |
|    total_timesteps | 335872   |
---------------------------------
Eval num_timesteps=340000, episode_reward=-62.12 +/- 5.34
Episode length: 1000.00 +/- 0.00
-----------------------------------------
| eval/                   |             |
|    mean_ep_length       | 1e+03       |
|    mean_reward          | -62.1       |
| time/                   |             |
|    total_timesteps      | 340000      |
| train/                  |             |
|    approx_kl            | 0.003486433 |
|    clip_fraction        | 0.0233      |
|    clip_range           | 0.2         |
|    entropy_loss         | 0.0748      |
|    explained_variance   | 0.995       |
|    learning_rate        | 0.0001      |
|    loss                 | 0.0187      |
|    n_updates            | 2080        |
|    policy_gradient_loss | -0.00236    |
|    std                  | 0.225       |
|    value_loss           | 0.000912    |
-----------------------------------------
---------------------------------
| rollout/           |          |
|    ep_len_mean     | 1e+03    |
|    ep_rew_mean     | -863     |
| time/              |          |
|    fps             | 1990     |
|    iterations      | 42       |
|    time_elapsed    | 172      |
|    total_timesteps | 344064   |
---------------------------------
Eval num_timesteps=350000, episode_reward=-51.87 +/- 10.23
Episode length: 1000.00 +/- 0.00
------------------------------------------
| eval/                   |              |
|    mean_ep_length       | 1e+03        |
|    mean_reward          | -51.9        |
| time/                   |              |
|    total_timesteps      | 350000       |
| train/                  |              |
|    approx_kl            | 0.0025772164 |
|    clip_fraction        | 0.0179       |
|    clip_range           | 0.2          |
|    entropy_loss         | 0.0696       |
|    explained_variance   | 0.991        |
|    learning_rate        | 0.0001       |
|    loss                 | -0.00863     |
|    n_updates            | 2090         |
|    policy_gradient_loss | -0.000283    |
|    std                  | 0.227        |
|    value_loss           | 0.00218      |
------------------------------------------
---------------------------------
| rollout/           |          |
|    ep_len_mean     | 1e+03    |
|    ep_rew_mean     | -870     |
| time/              |          |
|    fps             | 1985     |
|    iterations      | 43       |
|    time_elapsed    | 177      |
|    total_timesteps | 352256   |
---------------------------------
